<?xml version="1.0" encoding="UTF-8"?>
<!-- Generated by org.testng.reporters.JUnitReportReporter -->
<testsuite hostname="MC187" failures="0" tests="3" name="StepDefinition.sdpostclass" time="1.990" errors="0" timestamp="2023-08-03T05:22:03 IST" skipped="0">
  <testcase classname="StepDefinition.sdpostclass" name="user_open_the_dummy_rest_post_api_website" time="0.006"/>
  <testcase classname="StepDefinition.sdpostclass" name="user_creates_the_record" time="1.983"/>
  <testcase classname="StepDefinition.sdpostclass" name="user_sucessfully_view_the_record_in_databse" time="0.001"/>
</testsuite> <!-- StepDefinition.sdpostclass -->
