<?xml version="1.0" encoding="UTF-8"?>
<!-- Generated by org.testng.reporters.JUnitReportReporter -->
<testsuite hostname="MC187" failures="0" tests="3" name="StepDefinition.sdclass" time="1.433" errors="0" timestamp="2023-08-03T04:54:25 IST" skipped="0">
  <testcase classname="StepDefinition.sdclass" name="user_open_the_dummy_rest_api_website" time="0.006"/>
  <testcase classname="StepDefinition.sdclass" name="user_sends_the_request_to_the_server" time="1.426"/>
  <testcase classname="StepDefinition.sdclass" name="user_get_the_response_from_the_server" time="0.001"/>
</testsuite> <!-- StepDefinition.sdclass -->
